
 *** After data were read in ***

--- Array A[][] ---
  1.0,  0.0;   1.0,  0.0;   0.0,  0.0;   0.0,  0.0; 
  1.0,  0.0;   1.0,  0.0;   1.0,  0.0;   0.0,  0.0; 
  0.0,  0.0;   0.0,  0.0;   0.0,  0.0;   0.0,  0.0; 
  0.0,  0.0;   0.0,  0.0;   0.0,  0.0;   0.0,  0.0; 

--- Array C[][] ---
  0.0,  0.0;   0.0,  0.0;   0.0,  0.0;   0.0,  0.0; 
  0.0,  0.0;   0.0,  0.0;   0.0,  0.0;   0.0,  0.0; 
  0.0,  0.0;   0.0,  0.0;   0.0,  0.0;   0.0,  0.0; 
  0.0,  0.0;   0.0,  0.0;   0.0,  0.0;   0.0,  0.0; 

 *** After Module reduction by DIT FFT ***

--- Array A[][] ---
  1.0,  0.0;   1.0,  0.0;   1.0,  0.0;   1.0,  0.0; 
  2.0,  0.0;   1.0,  0.0;   0.0,  0.0;   1.0,  0.0; 
  0.0,  0.0;   0.0,  0.0;   0.0,  0.0;   0.0,  0.0; 
  0.0,  0.0;   0.0,  0.0;   0.0,  0.0;   0.0,  0.0; 

--- Array C[][] ---
  0.0,  0.0;   0.0,  0.0;   0.0,  0.0;   0.0,  0.0; 
  0.0,  0.0;   0.0,  0.0;   0.0,  0.0;   0.0,  0.0; 
  0.0,  0.0;   0.0,  0.0;   0.0,  0.0;   0.0,  0.0; 
  0.0,  0.0;   0.0,  0.0;   0.0,  0.0;   0.0,  0.0; 

 *** After BETAk X conversion ***

--- Array A[][] ---
  1.0,  0.0;   0.0,  1.0;   1.0,  0.0;  -1.0,  0.0; 
  2.0,  0.0;   0.0,  1.0;   0.0,  0.0;  -1.0,  0.0; 
  0.0,  0.0;   0.0,  0.0;   0.0,  0.0;   0.0,  0.0; 
  0.0,  0.0;   0.0,  0.0;   0.0,  0.0;   0.0,  0.0; 

--- Array C[][] ---
  0.0,  0.0;   0.0,  0.0;   0.0,  0.0;   0.0,  0.0; 
  0.0,  0.0;   0.0,  0.0;   0.0,  0.0;   0.0,  0.0; 
  0.0,  0.0;   0.0,  0.0;   0.0,  0.0;   0.0,  0.0; 
  0.0,  0.0;   0.0,  0.0;   0.0,  0.0;   0.0,  0.0; 

 *** After DIF FPT ***

--- Array A[][] ---
  3.0,  0.0;   0.0,  2.0;   1.0,  0.0;  -2.0,  0.0; 
 -1.0,  0.0;   0.0,  0.0;   1.0,  0.0;   0.0,  0.0; 
  1.0, -1.0;   2.0,  1.0;   2.0, -0.0;  -1.0,  0.0; 
  1.0,  1.0;  -2.0,  1.0;   0.0,  0.0;  -1.0,  0.0; 

--- Array C[][] ---
  0.0,  0.0;   0.0,  0.0;   0.0,  0.0;   0.0,  0.0; 
  0.0,  0.0;   0.0,  0.0;   0.0,  0.0;   0.0,  0.0; 
  0.0,  0.0;   0.0,  0.0;   0.0,  0.0;   0.0,  0.0; 
  0.0,  0.0;   0.0,  0.0;   0.0,  0.0;   0.0,  0.0; 

 *** After C(X)=A(X)B(X) by GFFT ***

--- Array A[][] ---
  1.0,  0.0;   5.0, -0.0;   1.0, -2.0;   1.0,  2.0; 
 -1.0,  0.0;  -1.0,  0.0;   1.0,  0.0;   1.0,  0.0; 
  0.0,  1.0;   2.0, -3.0;   2.0, -1.0;   2.0,  1.0; 
 -0.0, -1.0;   2.0,  3.0;  -0.0, -1.0;   0.0,  1.0; 

--- Array C[][] ---
 13.0, -0.0;   0.0, 12.0;  -3.0,  0.0;  -4.0,  0.0; 
  1.0,  0.0;   0.0,  0.0;   1.0,  0.0;   0.0,  0.0; 
 -3.0, -6.0;   6.0, -2.0;   3.0, -0.0;  -4.0,  0.0; 
 -3.0,  6.0;  -6.0, -2.0;  -1.0,  0.0;  -0.0, -0.0; 

 *** After DIT IFPT ***

--- Array A[][] ---
  1.0,  0.0;   5.0, -0.0;   1.0, -2.0;   1.0,  2.0; 
 -1.0,  0.0;  -1.0,  0.0;   1.0,  0.0;   1.0,  0.0; 
  0.0,  1.0;   2.0, -3.0;   2.0, -1.0;   2.0,  1.0; 
 -0.0, -1.0;   2.0,  3.0;  -0.0, -1.0;   0.0,  1.0; 

--- Array C[][] ---
  2.0, -0.0;   0.0,  2.0;   0.0,  0.0;  -2.0,  0.0; 
  6.0, -0.0;   0.0,  6.0;  -2.0,  0.0;  -2.0,  0.0; 
  5.0, -0.0;   0.0,  4.0;  -1.0,  0.0;   0.0, -0.0; 
  0.0, -0.0;  -0.0, -0.0;  -0.0,  0.0;   0.0,  0.0; 

 *** After BETAk**-1 Z conversion

--- Array A[][] ---
  1.0,  0.0;   5.0, -0.0;   1.0, -2.0;   1.0,  2.0; 
 -1.0,  0.0;  -1.0,  0.0;   1.0,  0.0;   1.0,  0.0; 
  0.0,  1.0;   2.0, -3.0;   2.0, -1.0;   2.0,  1.0; 
 -0.0, -1.0;   2.0,  3.0;  -0.0, -1.0;   0.0,  1.0; 

--- Array C[][] ---
  2.0, -0.0;   2.0, -0.0;   0.0,  0.0;   2.0, -0.0; 
  6.0, -0.0;   6.0, -0.0;  -2.0,  0.0;   2.0,  0.0; 
  5.0, -0.0;   4.0,  0.0;  -1.0,  0.0;  -0.0,  0.0; 
  0.0, -0.0;  -0.0,  0.0;  -0.0,  0.0;  -0.0, -0.0; 

 *** After reconstruction

--- Array A[][] ---
  1.0,  0.0;   5.0, -0.0;   1.0, -2.0;   1.0,  2.0; 
 -1.0,  0.0;  -1.0,  0.0;   1.0,  0.0;   1.0,  0.0; 
  0.0,  1.0;   2.0, -3.0;   2.0, -1.0;   2.0,  1.0; 
 -0.0, -1.0;   2.0,  3.0;  -0.0, -1.0;   0.0,  1.0; 

--- Array C[][] ---
  1.0,  0.0;   2.0, -0.0;   1.0, -0.0;  -0.0,  0.0; 
  2.0,  0.0;   4.0, -0.0;   4.0, -0.0;   2.0, -0.0; 
  2.0, -0.0;   2.0,  0.0;   3.0, -0.0;   2.0, -0.0; 
  0.0, -0.0;  -0.0,  0.0;   0.0, -0.0;  -0.0,  0.0; 
