
 *** After data were read in ***

--- Array A[][] ---
  1.0,  0.0;   1.0,  0.0;   0.0,  0.0;   0.0,  0.0;   1.0,  0.0;   0.0,  0.0;   1.0,  0.0;   0.0,  0.0; 
  1.0,  0.0;   1.0,  0.0;   1.0,  0.0;   0.0,  0.0;   0.0,  0.0;   1.0,  0.0;   1.0,  0.0;   0.0,  0.0; 
  0.0,  0.0;   0.0,  0.0;   0.0,  0.0;   0.0,  0.0;   1.0,  0.0;   0.0,  0.0;   0.0,  0.0;   0.0,  0.0; 
  0.0,  0.0;   0.0,  0.0;   0.0,  0.0;   0.0,  0.0;   0.0,  0.0;   0.0,  0.0;   0.0,  0.0;   0.0,  0.0; 
  1.0,  0.0;   2.0,  0.0;   1.0,  0.0;   1.0,  0.0;   0.0,  0.0;   0.0,  0.0;   0.0,  0.0;   0.0,  0.0; 
  0.0,  0.0;   1.0,  0.0;   1.0,  0.0;   0.0,  0.0;   0.0,  0.0;   1.0,  0.0;   0.0,  0.0;   1.0,  0.0; 
  0.0,  0.0;   0.0,  0.0;   1.0,  0.0;   0.0,  0.0;   0.0,  0.0;   0.0,  0.0;   1.0,  0.0;   0.0,  0.0; 
  0.0,  0.0;   0.0,  0.0;   0.0,  0.0;   1.0,  0.0;   1.0,  0.0;   0.0,  0.0;   0.0,  0.0;   0.0,  0.0; 

--- Array C[][] ---
  0.0,  0.0;   0.0,  0.0;   0.0,  0.0;   0.0,  0.0;   0.0,  0.0;   0.0,  0.0;   0.0,  0.0;   0.0,  0.0; 
  0.0,  0.0;   0.0,  0.0;   0.0,  0.0;   0.0,  0.0;   0.0,  0.0;   0.0,  0.0;   0.0,  0.0;   0.0,  0.0; 
  0.0,  0.0;   0.0,  0.0;   0.0,  0.0;   0.0,  0.0;   0.0,  0.0;   0.0,  0.0;   0.0,  0.0;   0.0,  0.0; 
  0.0,  0.0;   0.0,  0.0;   0.0,  0.0;   0.0,  0.0;   0.0,  0.0;   0.0,  0.0;   0.0,  0.0;   0.0,  0.0; 
  0.0,  0.0;   0.0,  0.0;   0.0,  0.0;   0.0,  0.0;   0.0,  0.0;   0.0,  0.0;   0.0,  0.0;   0.0,  0.0; 
  0.0,  0.0;   0.0,  0.0;   0.0,  0.0;   0.0,  0.0;   0.0,  0.0;   0.0,  0.0;   0.0,  0.0;   0.0,  0.0; 
  0.0,  0.0;   0.0,  0.0;   0.0,  0.0;   0.0,  0.0;   0.0,  0.0;   0.0,  0.0;   0.0,  0.0;   0.0,  0.0; 
  0.0,  0.0;   0.0,  0.0;   0.0,  0.0;   0.0,  0.0;   0.0,  0.0;   0.0,  0.0;   0.0,  0.0;   0.0,  0.0; 

 *** After Module reduction by DIT FFT ***

--- Array A[][] ---
  2.0,  0.0;   1.0,  0.0;   1.0,  0.0;   0.0,  0.0;   0.0,  0.0;   1.0,  0.0;  -1.0,  0.0;   0.0,  0.0; 
  1.0,  0.0;   2.0,  0.0;   2.0,  0.0;   0.0,  0.0;   1.0,  0.0;   0.0,  0.0;   0.0,  0.0;   0.0,  0.0; 
  1.0,  0.0;   0.0,  0.0;   0.0,  0.0;   0.0,  0.0;  -1.0,  0.0;   0.0,  0.0;   0.0,  0.0;   0.0,  0.0; 
  0.0,  0.0;   0.0,  0.0;   0.0,  0.0;   0.0,  0.0;   0.0,  0.0;   0.0,  0.0;   0.0,  0.0;   0.0,  0.0; 
  1.0,  0.0;   2.0,  0.0;   1.0,  0.0;   1.0,  0.0;   1.0,  0.0;   2.0,  0.0;   1.0,  0.0;   1.0,  0.0; 
  0.0,  0.0;   2.0,  0.0;   1.0,  0.0;   1.0,  0.0;   0.0,  0.0;   0.0,  0.0;   1.0,  0.0;  -1.0,  0.0; 
  0.0,  0.0;   0.0,  0.0;   2.0,  0.0;   0.0,  0.0;   0.0,  0.0;   0.0,  0.0;   0.0,  0.0;   0.0,  0.0; 
  1.0,  0.0;   0.0,  0.0;   0.0,  0.0;   1.0,  0.0;  -1.0,  0.0;   0.0,  0.0;   0.0,  0.0;   1.0,  0.0; 

--- Array C[][] ---
  0.0,  0.0;   0.0,  0.0;   0.0,  0.0;   0.0,  0.0;   0.0,  0.0;   0.0,  0.0;   0.0,  0.0;   0.0,  0.0; 
  0.0,  0.0;   0.0,  0.0;   0.0,  0.0;   0.0,  0.0;   0.0,  0.0;   0.0,  0.0;   0.0,  0.0;   0.0,  0.0; 
  0.0,  0.0;   0.0,  0.0;   0.0,  0.0;   0.0,  0.0;   0.0,  0.0;   0.0,  0.0;   0.0,  0.0;   0.0,  0.0; 
  0.0,  0.0;   0.0,  0.0;   0.0,  0.0;   0.0,  0.0;   0.0,  0.0;   0.0,  0.0;   0.0,  0.0;   0.0,  0.0; 
  0.0,  0.0;   0.0,  0.0;   0.0,  0.0;   0.0,  0.0;   0.0,  0.0;   0.0,  0.0;   0.0,  0.0;   0.0,  0.0; 
  0.0,  0.0;   0.0,  0.0;   0.0,  0.0;   0.0,  0.0;   0.0,  0.0;   0.0,  0.0;   0.0,  0.0;   0.0,  0.0; 
  0.0,  0.0;   0.0,  0.0;   0.0,  0.0;   0.0,  0.0;   0.0,  0.0;   0.0,  0.0;   0.0,  0.0;   0.0,  0.0; 
  0.0,  0.0;   0.0,  0.0;   0.0,  0.0;   0.0,  0.0;   0.0,  0.0;   0.0,  0.0;   0.0,  0.0;   0.0,  0.0; 

 *** After BETAk X conversion ***

--- Array A[][] ---
  2.0,  0.0;   0.7,  0.7;   0.0,  1.0;   0.0,  0.0;   0.0,  0.0;   0.0,  1.0;   1.0, -0.0;   0.0,  0.0; 
  1.0,  0.0;   1.4,  1.4;   0.0,  2.0;   0.0,  0.0;   1.0,  0.0;   0.0,  0.0;   0.0,  0.0;   0.0,  0.0; 
  1.0,  0.0;   0.0,  0.0;   0.0,  0.0;   0.0,  0.0;  -1.0,  0.0;   0.0,  0.0;   0.0,  0.0;   0.0,  0.0; 
  0.0,  0.0;   0.0,  0.0;   0.0,  0.0;   0.0,  0.0;   0.0,  0.0;   0.0,  0.0;   0.0,  0.0;   0.0,  0.0; 
  1.0,  0.0;   1.4,  1.4;   0.0,  1.0;  -0.7,  0.7;   1.0,  0.0;   0.0,  2.0;  -1.0,  0.0;  -0.0, -1.0; 
  0.0,  0.0;   1.4,  1.4;   0.0,  1.0;  -0.7,  0.7;   0.0,  0.0;   0.0,  0.0;  -1.0,  0.0;   0.0,  1.0; 
  0.0,  0.0;   0.0,  0.0;   0.0,  2.0;   0.0,  0.0;   0.0,  0.0;   0.0,  0.0;   0.0,  0.0;   0.0,  0.0; 
  1.0,  0.0;   0.0,  0.0;   0.0,  0.0;  -0.7,  0.7;  -1.0,  0.0;   0.0,  0.0;   0.0,  0.0;  -0.0, -1.0; 

--- Array C[][] ---
  0.0,  0.0;   0.0,  0.0;   0.0,  0.0;   0.0,  0.0;   0.0,  0.0;   0.0,  0.0;   0.0,  0.0;   0.0,  0.0; 
  0.0,  0.0;   0.0,  0.0;   0.0,  0.0;   0.0,  0.0;   0.0,  0.0;   0.0,  0.0;   0.0,  0.0;   0.0,  0.0; 
  0.0,  0.0;   0.0,  0.0;   0.0,  0.0;   0.0,  0.0;   0.0,  0.0;   0.0,  0.0;   0.0,  0.0;   0.0,  0.0; 
  0.0,  0.0;   0.0,  0.0;   0.0,  0.0;   0.0,  0.0;   0.0,  0.0;   0.0,  0.0;   0.0,  0.0;   0.0,  0.0; 
  0.0,  0.0;   0.0,  0.0;   0.0,  0.0;   0.0,  0.0;   0.0,  0.0;   0.0,  0.0;   0.0,  0.0;   0.0,  0.0; 
  0.0,  0.0;   0.0,  0.0;   0.0,  0.0;   0.0,  0.0;   0.0,  0.0;   0.0,  0.0;   0.0,  0.0;   0.0,  0.0; 
  0.0,  0.0;   0.0,  0.0;   0.0,  0.0;   0.0,  0.0;   0.0,  0.0;   0.0,  0.0;   0.0,  0.0;   0.0,  0.0; 
  0.0,  0.0;   0.0,  0.0;   0.0,  0.0;   0.0,  0.0;   0.0,  0.0;   0.0,  0.0;   0.0,  0.0;   0.0,  0.0; 

 *** After DIF FPT ***

--- Array A[][] ---
  6.0,  0.0;   4.9,  4.9;   0.0,  7.0;  -2.1,  2.1;   0.0,  0.0;   0.0,  3.0;  -1.0,  0.0;  -0.0, -1.0; 
  2.0,  0.0;  -0.7, -0.7;   0.0,  1.0;   0.7, -0.7;   0.0,  0.0;   0.0,  3.0;   1.0, -0.0;  -0.0, -1.0; 
  2.0, -3.0;   2.1,  2.1;   0.0,  0.0;   2.1,  3.5;   3.0, -0.0;  -0.0,  1.0;   2.0,  0.0;  -0.0, -1.0; 
  2.0,  3.0;   2.1,  2.1;   0.0,  0.0;  -3.5, -2.1;   1.0,  0.0;   0.0,  5.0;  -2.0,  0.0;  -0.0, -1.0; 
  0.3,  2.7;   0.3, -0.7;   0.3,  0.7;  -0.3,  0.3;  -1.0,  1.0;   1.0, -1.0;   1.0, -1.0;   2.0,  1.0; 
  1.7,  1.3;  -1.7, -0.7;   1.7, -0.7;   1.7, -1.7;  -1.0, -1.0;  -1.0, -1.0;   1.0,  1.0;  -2.0,  1.0; 
  0.3, -1.3;  -1.7, -1.7;  -1.7,  0.7;   1.7, -0.7;  -1.0, -1.0;  -0.0, -1.0;   3.0,  1.0;   1.0,  1.0; 
  1.7, -2.7;   0.3,  0.3;  -0.3, -0.7;  -0.3, -0.7;  -1.0,  1.0;  -0.0, -1.0;   3.0, -1.0;  -1.0,  1.0; 

--- Array C[][] ---
  0.0,  0.0;   0.0,  0.0;   0.0,  0.0;   0.0,  0.0;   0.0,  0.0;   0.0,  0.0;   0.0,  0.0;   0.0,  0.0; 
  0.0,  0.0;   0.0,  0.0;   0.0,  0.0;   0.0,  0.0;   0.0,  0.0;   0.0,  0.0;   0.0,  0.0;   0.0,  0.0; 
  0.0,  0.0;   0.0,  0.0;   0.0,  0.0;   0.0,  0.0;   0.0,  0.0;   0.0,  0.0;   0.0,  0.0;   0.0,  0.0; 
  0.0,  0.0;   0.0,  0.0;   0.0,  0.0;   0.0,  0.0;   0.0,  0.0;   0.0,  0.0;   0.0,  0.0;   0.0,  0.0; 
  0.0,  0.0;   0.0,  0.0;   0.0,  0.0;   0.0,  0.0;   0.0,  0.0;   0.0,  0.0;   0.0,  0.0;   0.0,  0.0; 
  0.0,  0.0;   0.0,  0.0;   0.0,  0.0;   0.0,  0.0;   0.0,  0.0;   0.0,  0.0;   0.0,  0.0;   0.0,  0.0; 
  0.0,  0.0;   0.0,  0.0;   0.0,  0.0;   0.0,  0.0;   0.0,  0.0;   0.0,  0.0;   0.0,  0.0;   0.0,  0.0; 
  0.0,  0.0;   0.0,  0.0;   0.0,  0.0;   0.0,  0.0;   0.0,  0.0;   0.0,  0.0;   0.0,  0.0;   0.0,  0.0; 

 *** After C(X)=A(X)B(X) by GFFT ***

--- Array A[][] ---
 -1.0,  4.0;   3.0,  0.0;  -1.0, -4.0;  23.0, -0.0;  -1.4,  1.8;  -1.4, -1.8;   1.4, -3.8;   1.4,  3.8; 
  1.0,  0.0;   5.0, -0.0;   1.0,  0.0;   1.0,  0.0;  -1.4,  3.8;  -1.4, -3.8;   1.4, -1.8;   1.4,  1.8; 
 -2.0, -1.0;  -2.0,  1.0;   6.0, -5.0;   6.0, -7.0;   3.0,  3.4;   3.0, -3.4;   3.0,  0.6;   3.0, -0.6; 
  6.0,  5.0;  -2.0, -1.0;  -2.0,  1.0;   6.0,  7.0;  -1.8,  2.2;  -1.8, -2.2;   3.8, -6.2;   3.8,  6.2; 
  0.3,  2.3;   0.9,  3.1;  -1.1,  3.7;   1.1,  1.7;  -0.7,  2.7;  -1.3,  3.5;   0.7,  1.3;  -2.7, -3.5; 
  1.7,  3.7;   5.1, -1.1;   3.1,  2.3;  -3.1,  0.3;  -1.3, -3.5;  -0.7, -2.7;  -2.7,  3.5;   0.7, -1.3; 
 -1.1, -3.7;   5.1,  1.1;   0.3, -2.3;  -3.1, -0.3;  -2.7,  1.3;   0.7, -1.9;  -1.3,  2.7;  -0.7, -6.1; 
  3.1, -2.3;   0.9, -3.1;   1.7, -3.7;   1.1, -1.7;   0.7,  1.9;  -2.7, -1.3;  -0.7,  6.1;  -1.3, -2.7; 

--- Array C[][] ---
127.0, -0.0;  89.1, 89.1;   0.0,142.0; -94.8, 94.8;  -7.0,  0.0;  -0.0, -2.0;  -8.0,  0.0;  -0.0, -6.0; 
  7.0, -0.0;  -4.2, -4.2;   0.0,  6.0;   4.2, -4.2;  -7.0,  0.0;   0.0,  2.0;  -8.0,  0.0;   0.0,  6.0; 
  1.0,-36.0;  21.2, -4.2;   8.0, -6.0;  29.7,  1.4;   3.0,  0.0;   0.0, 10.0;  12.0, -0.0;  -0.0, -2.0; 
  1.0, 36.0;  -4.2, 21.2;  -8.0, -6.0;  -1.4,-29.7; -13.0,  0.0;  -0.0,  6.0; -28.0,  0.0;  -0.0,-22.0; 
 -7.1,  0.6;   4.6,  1.4;  -4.1,  1.8;  -0.6, -1.4;  -6.0,  2.0;  -6.0,  6.0;  -3.0, -2.0;  -6.0, -2.0; 
  7.1,  3.4;  -7.4,  1.4;  10.1, 10.2;   3.4, -1.4;  -6.0, -2.0;   6.0,  6.0;  -3.0,  2.0;   6.0, -2.0; 
  4.2,  5.1;  -0.6, -1.4;  -1.6, 13.1;   7.4, -1.4; -10.0, -2.0;  -6.0, -6.0;  -5.0,-10.0;   2.0,-10.0; 
 -4.2, -9.1;   3.4, -1.4;  -4.4, -1.1;  -4.6, -1.4; -10.0,  2.0;   6.0, -6.0;  -5.0, 10.0;  -2.0,-10.0; 

 *** After DIT IFPT ***

--- Array A[][] ---
 -1.0,  4.0;   3.0,  0.0;  -1.0, -4.0;  23.0, -0.0;  -1.4,  1.8;  -1.4, -1.8;   1.4, -3.8;   1.4,  3.8; 
  1.0,  0.0;   5.0, -0.0;   1.0,  0.0;   1.0,  0.0;  -1.4,  3.8;  -1.4, -3.8;   1.4, -1.8;   1.4,  1.8; 
 -2.0, -1.0;  -2.0,  1.0;   6.0, -5.0;   6.0, -7.0;   3.0,  3.4;   3.0, -3.4;   3.0,  0.6;   3.0, -0.6; 
  6.0,  5.0;  -2.0, -1.0;  -2.0,  1.0;   6.0,  7.0;  -1.8,  2.2;  -1.8, -2.2;   3.8, -6.2;   3.8,  6.2; 
  0.3,  2.3;   0.9,  3.1;  -1.1,  3.7;   1.1,  1.7;  -0.7,  2.7;  -1.3,  3.5;   0.7,  1.3;  -2.7, -3.5; 
  1.7,  3.7;   5.1, -1.1;   3.1,  2.3;  -3.1,  0.3;  -1.3, -3.5;  -0.7, -2.7;  -2.7,  3.5;   0.7, -1.3; 
 -1.1, -3.7;   5.1,  1.1;   0.3, -2.3;  -3.1, -0.3;  -2.7,  1.3;   0.7, -1.9;  -1.3,  2.7;  -0.7, -6.1; 
  3.1, -2.3;   0.9, -3.1;   1.7, -3.7;   1.1, -1.7;   0.7,  1.9;  -2.7, -1.3;  -0.7,  6.1;  -1.3, -2.7; 

--- Array C[][] ---
 17.0, -0.0;  12.7, 12.7;   0.0, 20.0;  -7.1,  7.1;  -7.0,  0.0;  -0.0,  2.0;  -6.0,  0.0;  -0.0, -6.0; 
 20.0, -0.0;  12.7, 12.7;   0.0, 26.0; -14.1, 14.1;   4.0, -0.0;   0.0,  2.0;  -2.0,  0.0;  -0.0,  0.0; 
 18.0, -0.0;   8.5,  8.5;   0.0, 19.0; -14.1, 14.1;  -0.0,  0.0;   0.0, -0.0;  -1.0, -0.0;  -0.0, -0.0; 
 12.0, -0.0;   9.9,  9.9;   0.0,  8.0;  -8.5,  8.5;  -8.0,  0.0;  -0.0, -6.0;   4.0, -0.0;   0.0, -0.0; 
 17.0, -0.0;  12.7, 12.7;   0.0, 14.0;  -8.5,  8.5;   1.0, -0.0;   0.0,  2.0;  -2.0,  0.0;   0.0, -0.0; 
 14.0, -0.0;  18.4, 18.4;   0.0, 26.0; -17.0, 17.0;   6.0, -0.0;  -0.0,  2.0;  -2.0,  0.0;  -0.0, -4.0; 
 15.0, -0.0;   8.5,  8.5;   0.0, 21.0; -15.6, 15.6;  -1.0, -0.0;  -0.0, -4.0;   1.0, -0.0;   0.0,  6.0; 
 14.0, -0.0;   5.7,  5.7;  -0.0,  8.0;  -9.9,  9.9;  -2.0,  0.0;   0.0, -0.0;  -0.0,  0.0;  -0.0, -2.0; 

 *** After BETAk**-1 Z conversion

--- Array A[][] ---
 -1.0,  4.0;   3.0,  0.0;  -1.0, -4.0;  23.0, -0.0;  -1.4,  1.8;  -1.4, -1.8;   1.4, -3.8;   1.4,  3.8; 
  1.0,  0.0;   5.0, -0.0;   1.0,  0.0;   1.0,  0.0;  -1.4,  3.8;  -1.4, -3.8;   1.4, -1.8;   1.4,  1.8; 
 -2.0, -1.0;  -2.0,  1.0;   6.0, -5.0;   6.0, -7.0;   3.0,  3.4;   3.0, -3.4;   3.0,  0.6;   3.0, -0.6; 
  6.0,  5.0;  -2.0, -1.0;  -2.0,  1.0;   6.0,  7.0;  -1.8,  2.2;  -1.8, -2.2;   3.8, -6.2;   3.8,  6.2; 
  0.3,  2.3;   0.9,  3.1;  -1.1,  3.7;   1.1,  1.7;  -0.7,  2.7;  -1.3,  3.5;   0.7,  1.3;  -2.7, -3.5; 
  1.7,  3.7;   5.1, -1.1;   3.1,  2.3;  -3.1,  0.3;  -1.3, -3.5;  -0.7, -2.7;  -2.7,  3.5;   0.7, -1.3; 
 -1.1, -3.7;   5.1,  1.1;   0.3, -2.3;  -3.1, -0.3;  -2.7,  1.3;   0.7, -1.9;  -1.3,  2.7;  -0.7, -6.1; 
  3.1, -2.3;   0.9, -3.1;   1.7, -3.7;   1.1, -1.7;   0.7,  1.9;  -2.7, -1.3;  -0.7,  6.1;  -1.3, -2.7; 

--- Array C[][] ---
 17.0, -0.0;  18.0, -0.0;  20.0, -0.0;  10.0,  0.0;  -7.0,  0.0;   2.0,  0.0;   6.0, -0.0;   6.0,  0.0; 
 20.0, -0.0;  18.0, -0.0;  26.0, -0.0;  20.0,  0.0;   4.0, -0.0;   2.0,  0.0;   2.0, -0.0;  -0.0, -0.0; 
 18.0, -0.0;  12.0, -0.0;  19.0, -0.0;  20.0,  0.0;  -0.0,  0.0;  -0.0, -0.0;   1.0,  0.0;   0.0, -0.0; 
 12.0, -0.0;  14.0, -0.0;   8.0,  0.0;  12.0, -0.0;  -8.0,  0.0;  -6.0,  0.0;  -4.0,  0.0;   0.0,  0.0; 
 17.0, -0.0;  18.0, -0.0;  14.0, -0.0;  12.0,  0.0;   1.0, -0.0;   2.0, -0.0;   2.0, -0.0;   0.0,  0.0; 
 14.0, -0.0;  26.0, -0.0;  26.0, -0.0;  24.0, -0.0;   6.0, -0.0;   2.0,  0.0;   2.0, -0.0;   4.0,  0.0; 
 15.0, -0.0;  12.0, -0.0;  21.0, -0.0;  22.0, -0.0;  -1.0, -0.0;  -4.0,  0.0;  -1.0,  0.0;  -6.0,  0.0; 
 14.0, -0.0;   8.0, -0.0;   8.0,  0.0;  14.0,  0.0;  -2.0,  0.0;  -0.0, -0.0;   0.0, -0.0;   2.0, -0.0; 

 *** After reconstruction

--- Array A[][] ---
 -1.0,  4.0;   3.0,  0.0;  -1.0, -4.0;  23.0, -0.0;  -1.4,  1.8;  -1.4, -1.8;   1.4, -3.8;   1.4,  3.8; 
  1.0,  0.0;   5.0, -0.0;   1.0,  0.0;   1.0,  0.0;  -1.4,  3.8;  -1.4, -3.8;   1.4, -1.8;   1.4,  1.8; 
 -2.0, -1.0;  -2.0,  1.0;   6.0, -5.0;   6.0, -7.0;   3.0,  3.4;   3.0, -3.4;   3.0,  0.6;   3.0, -0.6; 
  6.0,  5.0;  -2.0, -1.0;  -2.0,  1.0;   6.0,  7.0;  -1.8,  2.2;  -1.8, -2.2;   3.8, -6.2;   3.8,  6.2; 
  0.3,  2.3;   0.9,  3.1;  -1.1,  3.7;   1.1,  1.7;  -0.7,  2.7;  -1.3,  3.5;   0.7,  1.3;  -2.7, -3.5; 
  1.7,  3.7;   5.1, -1.1;   3.1,  2.3;  -3.1,  0.3;  -1.3, -3.5;  -0.7, -2.7;  -2.7,  3.5;   0.7, -1.3; 
 -1.1, -3.7;   5.1,  1.1;   0.3, -2.3;  -3.1, -0.3;  -2.7,  1.3;   0.7, -1.9;  -1.3,  2.7;  -0.7, -6.1; 
  3.1, -2.3;   0.9, -3.1;   1.7, -3.7;   1.1, -1.7;   0.7,  1.9;  -2.7, -1.3;  -0.7,  6.1;  -1.3, -2.7; 

--- Array C[][] ---
  5.0, -0.0;  10.0, -0.0;  13.0, -0.0;   8.0,  0.0;  12.0, -0.0;   8.0, -0.0;   7.0, -0.0;   2.0, -0.0; 
 12.0, -0.0;  10.0, -0.0;  14.0, -0.0;  10.0,  0.0;   8.0, -0.0;   8.0, -0.0;  12.0, -0.0;  10.0,  0.0; 
  9.0, -0.0;   6.0, -0.0;  10.0, -0.0;  10.0, -0.0;   9.0, -0.0;   6.0, -0.0;   9.0, -0.0;  10.0,  0.0; 
  2.0, -0.0;   4.0, -0.0;   2.0,  0.0;   6.0,  0.0;  10.0, -0.0;  10.0, -0.0;   6.0, -0.0;   6.0, -0.0; 
  9.0, -0.0;  10.0, -0.0;   8.0, -0.0;   6.0,  0.0;   8.0, -0.0;   8.0, -0.0;   6.0,  0.0;   6.0, -0.0; 
 10.0, -0.0;  14.0, -0.0;  14.0, -0.0;  14.0, -0.0;   4.0, -0.0;  12.0, -0.0;  12.0, -0.0;  10.0, -0.0; 
  7.0, -0.0;   4.0, -0.0;  10.0, -0.0;   8.0,  0.0;   8.0, -0.0;   8.0, -0.0;  11.0, -0.0;  14.0, -0.0; 
  6.0, -0.0;   4.0, -0.0;   4.0,  0.0;   8.0, -0.0;   8.0, -0.0;   4.0,  0.0;   4.0,  0.0;   6.0,  0.0; 
