
 *** After data were read in ***

--- Array A[][] ---
  1.0,  0.0;   1.0,  0.0;   0.0,  0.0;   0.0,  0.0;   1.0,  0.0;   0.0,  0.0;   1.0,  0.0;   0.0,  0.0; 
  1.0,  0.0;   1.0,  0.0;   1.0,  0.0;   0.0,  0.0;   0.0,  0.0;   1.0,  0.0;   1.0,  0.0;   0.0,  0.0; 
  0.0,  0.0;   0.0,  0.0;   0.0,  0.0;   0.0,  0.0;   1.0,  0.0;   0.0,  0.0;   0.0,  0.0;   0.0,  0.0; 
  0.0,  0.0;   0.0,  0.0;   0.0,  0.0;   0.0,  0.0;   0.0,  0.0;   0.0,  0.0;   0.0,  0.0;   0.0,  0.0; 

--- Array C[][] ---
  0.0,  0.0;   0.0,  0.0;   0.0,  0.0;   0.0,  0.0;   0.0,  0.0;   0.0,  0.0;   0.0,  0.0;   0.0,  0.0; 
  0.0,  0.0;   0.0,  0.0;   0.0,  0.0;   0.0,  0.0;   0.0,  0.0;   0.0,  0.0;   0.0,  0.0;   0.0,  0.0; 
  0.0,  0.0;   0.0,  0.0;   0.0,  0.0;   0.0,  0.0;   0.0,  0.0;   0.0,  0.0;   0.0,  0.0;   0.0,  0.0; 
  0.0,  0.0;   0.0,  0.0;   0.0,  0.0;   0.0,  0.0;   0.0,  0.0;   0.0,  0.0;   0.0,  0.0;   0.0,  0.0; 

 *** After Module reduction by DIT FFT ***

--- Array A[][] ---
  3.0,  0.0;   1.0,  0.0;   1.0,  0.0;   1.0,  0.0;  -0.0, -1.0;   1.0,  0.0;   0.0,  1.0;   1.0,  0.0; 
  3.0,  0.0;   2.0,  0.0;  -1.0,  0.0;   2.0,  0.0;   1.0,  0.0;   0.0,  0.0;   1.0,  0.0;   0.0,  0.0; 
  1.0,  0.0;   0.0,  0.0;   1.0,  0.0;   0.0,  0.0;  -1.0,  0.0;   0.0,  0.0;  -1.0,  0.0;   0.0,  0.0; 
  0.0,  0.0;   0.0,  0.0;   0.0,  0.0;   0.0,  0.0;   0.0,  0.0;   0.0,  0.0;   0.0,  0.0;   0.0,  0.0; 

--- Array C[][] ---
  0.0,  0.0;   0.0,  0.0;   0.0,  0.0;   0.0,  0.0;   0.0,  0.0;   0.0,  0.0;   0.0,  0.0;   0.0,  0.0; 
  0.0,  0.0;   0.0,  0.0;   0.0,  0.0;   0.0,  0.0;   0.0,  0.0;   0.0,  0.0;   0.0,  0.0;   0.0,  0.0; 
  0.0,  0.0;   0.0,  0.0;   0.0,  0.0;   0.0,  0.0;   0.0,  0.0;   0.0,  0.0;   0.0,  0.0;   0.0,  0.0; 
  0.0,  0.0;   0.0,  0.0;   0.0,  0.0;   0.0,  0.0;   0.0,  0.0;   0.0,  0.0;   0.0,  0.0;   0.0,  0.0; 

 *** After BETAk X conversion ***

--- Array A[][] ---
  3.0,  0.0;   0.0,  1.0;   1.0,  0.0;  -1.0,  0.0;  -0.0, -1.0;  -0.7,  0.7;   0.0,  1.0;  -0.7, -0.7; 
  3.0,  0.0;   0.0,  2.0;  -1.0,  0.0;  -2.0,  0.0;   1.0,  0.0;   0.0,  0.0;   1.0,  0.0;   0.0,  0.0; 
  1.0,  0.0;   0.0,  0.0;   1.0,  0.0;   0.0,  0.0;  -1.0,  0.0;   0.0,  0.0;  -1.0,  0.0;   0.0,  0.0; 
  0.0,  0.0;   0.0,  0.0;   0.0,  0.0;   0.0,  0.0;   0.0,  0.0;   0.0,  0.0;   0.0,  0.0;   0.0,  0.0; 

--- Array C[][] ---
  0.0,  0.0;   0.0,  0.0;   0.0,  0.0;   0.0,  0.0;   0.0,  0.0;   0.0,  0.0;   0.0,  0.0;   0.0,  0.0; 
  0.0,  0.0;   0.0,  0.0;   0.0,  0.0;   0.0,  0.0;   0.0,  0.0;   0.0,  0.0;   0.0,  0.0;   0.0,  0.0; 
  0.0,  0.0;   0.0,  0.0;   0.0,  0.0;   0.0,  0.0;   0.0,  0.0;   0.0,  0.0;   0.0,  0.0;   0.0,  0.0; 
  0.0,  0.0;   0.0,  0.0;   0.0,  0.0;   0.0,  0.0;   0.0,  0.0;   0.0,  0.0;   0.0,  0.0;   0.0,  0.0; 

 *** After DIF FPT ***

--- Array A[][] ---
  7.0,  0.0;   0.0,  3.0;   1.0,  0.0;  -3.0,  0.0;  -0.0, -1.0;  -0.7,  0.7;   0.0,  1.0;  -0.7, -0.7; 
  1.0,  0.0;  -0.0, -1.0;   3.0,  0.0;   1.0, -0.0;  -2.0, -1.0;  -0.7,  0.7;  -2.0,  1.0;  -0.7, -0.7; 
  2.0, -2.0;   3.0,  1.0;   2.0, -0.0;  -2.0,  0.0;   1.0, -1.0;   0.3,  0.7;   1.0,  1.0;   0.3, -0.7; 
  2.0,  2.0;  -3.0,  1.0;  -2.0,  0.0;   0.0,  0.0;   1.0, -1.0;  -1.7,  0.7;   1.0,  1.0;  -1.7, -0.7; 

--- Array C[][] ---
  0.0,  0.0;   0.0,  0.0;   0.0,  0.0;   0.0,  0.0;   0.0,  0.0;   0.0,  0.0;   0.0,  0.0;   0.0,  0.0; 
  0.0,  0.0;   0.0,  0.0;   0.0,  0.0;   0.0,  0.0;   0.0,  0.0;   0.0,  0.0;   0.0,  0.0;   0.0,  0.0; 
  0.0,  0.0;   0.0,  0.0;   0.0,  0.0;   0.0,  0.0;   0.0,  0.0;   0.0,  0.0;   0.0,  0.0;   0.0,  0.0; 
  0.0,  0.0;   0.0,  0.0;   0.0,  0.0;   0.0,  0.0;   0.0,  0.0;   0.0,  0.0;   0.0,  0.0;   0.0,  0.0; 

 *** After C(X)=A(X)B(X) by GFFT ***

--- Array A[][] ---
  4.0,  0.0;  10.0, -0.0;   1.0, -3.0;   1.0,  3.0;  -0.7, -1.7;   0.7, -0.3;   0.7,  0.3;  -0.7,  1.7; 
  2.0, -0.0;   0.0,  0.0;   3.0,  1.0;   3.0, -1.0;  -2.7, -1.7;  -1.3, -0.3;  -1.3,  0.3;  -2.7,  1.7; 
  1.0,  1.0;   3.0, -5.0;   2.0, -2.0;   2.0,  2.0;   0.3, -0.7;   1.7, -1.3;   1.7,  1.3;   0.3,  0.7; 
  1.0, -1.0;   3.0,  5.0;  -2.0,  0.0;  -2.0,  0.0;   0.3, -2.7;   1.7,  0.7;   1.7, -0.7;   0.3,  2.7; 

--- Array C[][] ---
 58.0, -0.0;   0.0, 42.0;  -8.0,  0.0;  -6.0,  0.0;  -1.0,  1.0;   1.4,  1.4;  -1.0, -1.0;   1.4, -1.4; 
  2.0, -0.0;  -0.0, -2.0;   8.0,  0.0;   6.0, -0.0;   3.0,  5.0;   4.2, -1.4;   3.0, -5.0;   4.2,  1.4; 
 -8.0,-14.0;  16.0, -8.0;   0.0,  0.0;  -8.0,  0.0;   0.4, -2.4;   2.0,  0.8;   0.4,  2.4;   2.0, -0.8; 
 -8.0, 14.0; -16.0, -8.0;   4.0, -0.0;  -0.0, -0.0;  -2.4,  0.4;  -2.0,  4.8;  -2.4, -0.4;  -2.0, -4.8; 

 *** After DIT IFPT ***

--- Array A[][] ---
  4.0,  0.0;  10.0, -0.0;   1.0, -3.0;   1.0,  3.0;  -0.7, -1.7;   0.7, -0.3;   0.7,  0.3;  -0.7,  1.7; 
  2.0, -0.0;   0.0,  0.0;   3.0,  1.0;   3.0, -1.0;  -2.7, -1.7;  -1.3, -0.3;  -1.3,  0.3;  -2.7,  1.7; 
  1.0,  1.0;   3.0, -5.0;   2.0, -2.0;   2.0,  2.0;   0.3, -0.7;   1.7, -1.3;   1.7,  1.3;   0.3,  0.7; 
  1.0, -1.0;   3.0,  5.0;  -2.0,  0.0;  -2.0,  0.0;   0.3, -2.7;   1.7,  0.7;   1.7, -0.7;   0.3,  2.7; 

--- Array C[][] ---
 11.0,  0.0;   0.0,  6.0;   1.0,  0.0;  -2.0,  0.0;   0.0,  1.0;   1.4,  1.4;  -0.0, -1.0;   1.4, -1.4; 
 22.0, -0.0;   0.0, 18.0;  -6.0,  0.0;  -2.0,  0.0;  -0.0, -2.0;  -1.4,  1.4;   0.0,  2.0;  -1.4, -1.4; 
 19.0, -0.0;   0.0, 14.0;  -1.0,  0.0;   2.0, -0.0;   1.0,  2.0;   1.4, -1.4;   1.0, -2.0;   1.4,  1.4; 
  6.0, -0.0;  -0.0,  4.0;  -2.0,  0.0;  -4.0,  0.0;  -2.0, -0.0;  -0.0, -0.0;  -2.0,  0.0;   0.0, -0.0; 

 *** After BETAk**-1 Z conversion

--- Array A[][] ---
  4.0,  0.0;  10.0, -0.0;   1.0, -3.0;   1.0,  3.0;  -0.7, -1.7;   0.7, -0.3;   0.7,  0.3;  -0.7,  1.7; 
  2.0, -0.0;   0.0,  0.0;   3.0,  1.0;   3.0, -1.0;  -2.7, -1.7;  -1.3, -0.3;  -1.3,  0.3;  -2.7,  1.7; 
  1.0,  1.0;   3.0, -5.0;   2.0, -2.0;   2.0,  2.0;   0.3, -0.7;   1.7, -1.3;   1.7,  1.3;   0.3,  0.7; 
  1.0, -1.0;   3.0,  5.0;  -2.0,  0.0;  -2.0,  0.0;   0.3, -2.7;   1.7,  0.7;   1.7, -0.7;   0.3,  2.7; 

--- Array C[][] ---
 11.0,  0.0;   6.0, -0.0;   1.0,  0.0;   2.0,  0.0;   0.0,  1.0;  -0.0, -2.0;  -0.0, -1.0;   0.0,  2.0; 
 22.0, -0.0;  18.0, -0.0;  -6.0,  0.0;   2.0,  0.0;  -0.0, -2.0;   2.0, -0.0;   0.0,  2.0;   2.0, -0.0; 
 19.0, -0.0;  14.0,  0.0;  -1.0,  0.0;  -2.0,  0.0;   1.0,  2.0;  -2.0, -0.0;   1.0, -2.0;  -2.0,  0.0; 
  6.0, -0.0;   4.0,  0.0;  -2.0,  0.0;   4.0, -0.0;  -2.0, -0.0;   0.0,  0.0;  -2.0,  0.0;   0.0,  0.0; 

 *** After reconstruction

--- Array A[][] ---
  4.0,  0.0;  10.0, -0.0;   1.0, -3.0;   1.0,  3.0;  -0.7, -1.7;   0.7, -0.3;   0.7,  0.3;  -0.7,  1.7; 
  2.0, -0.0;   0.0,  0.0;   3.0,  1.0;   3.0, -1.0;  -2.7, -1.7;  -1.3, -0.3;  -1.3,  0.3;  -2.7,  1.7; 
  1.0,  1.0;   3.0, -5.0;   2.0, -2.0;   2.0,  2.0;   0.3, -0.7;   1.7, -1.3;   1.7,  1.3;   0.3,  0.7; 
  1.0, -1.0;   3.0,  5.0;  -2.0,  0.0;  -2.0,  0.0;   0.3, -2.7;   1.7,  0.7;   1.7, -0.7;   0.3,  2.7; 

--- Array C[][] ---
  3.0,  0.0;   2.0, -0.0;   3.0, -0.0;   0.0, -0.0;   3.0,  0.0;   2.0,  0.0;   2.0, -0.0;   2.0, -0.0; 
  4.0,  0.0;   6.0, -0.0;   6.0, -0.0;   4.0, -0.0;   4.0,  0.0;   4.0, -0.0;   8.0, -0.0;   4.0, -0.0; 
  5.0, -0.0;   2.0,  0.0;   6.0, -0.0;   4.0,  0.0;   4.0, -0.0;   4.0,  0.0;   4.0, -0.0;   4.0,  0.0; 
  0.0,  0.0;   2.0,  0.0;   2.0, -0.0;  -0.0,  0.0;   2.0,  0.0;   2.0,  0.0;   2.0, -0.0;  -0.0,  0.0; 
