
 *** After data were read in ***

--- Array A[][] ---
  1.0,  0.0;   1.0,  0.0;   0.0,  0.0;   0.0,  0.0;   1.0,  0.0;   0.0,  0.0;   1.0,  0.0;   0.0,  0.0; 
  1.0,  0.0;   2.0,  0.0;   1.0,  0.0;   0.0,  0.0;   0.0,  0.0;   1.0,  0.0;   0.0,  0.0;   0.0,  0.0; 
  1.0,  0.0;   1.0,  0.0;   1.0,  0.0;   0.0,  0.0;   0.0,  0.0;   1.0,  0.0;   1.0,  0.0;   0.0,  0.0; 
  1.0,  0.0;   1.0,  0.0;   0.0,  0.0;   0.0,  0.0;   0.0,  0.0;   1.0,  0.0;   0.0,  0.0;   0.0,  0.0; 
  0.0,  0.0;   0.0,  0.0;   0.0,  0.0;   0.0,  0.0;   1.0,  0.0;   0.0,  0.0;   0.0,  0.0;   0.0,  0.0; 
  2.0,  0.0;   1.0,  0.0;   0.0,  0.0;   1.0,  0.0;   0.0,  0.0;   0.0,  0.0;   0.0,  0.0;   0.0,  0.0; 
  0.0,  0.0;   0.0,  0.0;   0.0,  0.0;   0.0,  0.0;   0.0,  0.0;   0.0,  0.0;   0.0,  0.0;   0.0,  0.0; 
  0.0,  0.0;   0.0,  0.0;   1.0,  0.0;   0.0,  0.0;   1.0,  0.0;   0.0,  0.0;   0.0,  0.0;   0.0,  0.0; 

--- Array C[][] ---
  0.0,  0.0;   0.0,  0.0;   0.0,  0.0;   0.0,  0.0;   0.0,  0.0;   0.0,  0.0;   0.0,  0.0;   0.0,  0.0; 
  0.0,  0.0;   0.0,  0.0;   0.0,  0.0;   0.0,  0.0;   0.0,  0.0;   0.0,  0.0;   0.0,  0.0;   0.0,  0.0; 
  0.0,  0.0;   0.0,  0.0;   0.0,  0.0;   0.0,  0.0;   0.0,  0.0;   0.0,  0.0;   0.0,  0.0;   0.0,  0.0; 
  0.0,  0.0;   0.0,  0.0;   0.0,  0.0;   0.0,  0.0;   0.0,  0.0;   0.0,  0.0;   0.0,  0.0;   0.0,  0.0; 
  0.0,  0.0;   0.0,  0.0;   0.0,  0.0;   0.0,  0.0;   0.0,  0.0;   0.0,  0.0;   0.0,  0.0;   0.0,  0.0; 
  0.0,  0.0;   0.0,  0.0;   0.0,  0.0;   0.0,  0.0;   0.0,  0.0;   0.0,  0.0;   0.0,  0.0;   0.0,  0.0; 
  0.0,  0.0;   0.0,  0.0;   0.0,  0.0;   0.0,  0.0;   0.0,  0.0;   0.0,  0.0;   0.0,  0.0;   0.0,  0.0; 
  0.0,  0.0;   0.0,  0.0;   0.0,  0.0;   0.0,  0.0;   0.0,  0.0;   0.0,  0.0;   0.0,  0.0;   0.0,  0.0; 

 *** After Module reduction by DIT FFT ***

--- Array A[][] ---
  2.0,  0.0;   1.0,  0.0;   1.0,  0.0;   0.0,  0.0;   0.0,  0.0;   1.0,  0.0;  -1.0,  0.0;   0.0,  0.0; 
  1.0,  0.0;   3.0,  0.0;   1.0,  0.0;   0.0,  0.0;   1.0,  0.0;   1.0,  0.0;   1.0,  0.0;   0.0,  0.0; 
  1.0,  0.0;   2.0,  0.0;   2.0,  0.0;   0.0,  0.0;   1.0,  0.0;   0.0,  0.0;   0.0,  0.0;   0.0,  0.0; 
  1.0,  0.0;   2.0,  0.0;   0.0,  0.0;   0.0,  0.0;   1.0,  0.0;   0.0,  0.0;   0.0,  0.0;   0.0,  0.0; 
  1.0,  0.0;   0.0,  0.0;   0.0,  0.0;   0.0,  0.0;  -1.0,  0.0;   0.0,  0.0;   0.0,  0.0;   0.0,  0.0; 
  2.0,  0.0;   1.0,  0.0;   0.0,  0.0;   1.0,  0.0;   2.0,  0.0;   1.0,  0.0;   0.0,  0.0;   1.0,  0.0; 
  0.0,  0.0;   0.0,  0.0;   0.0,  0.0;   0.0,  0.0;   0.0,  0.0;   0.0,  0.0;   0.0,  0.0;   0.0,  0.0; 
  1.0,  0.0;   0.0,  0.0;   1.0,  0.0;   0.0,  0.0;  -1.0,  0.0;   0.0,  0.0;   1.0,  0.0;   0.0,  0.0; 

--- Array C[][] ---
  0.0,  0.0;   0.0,  0.0;   0.0,  0.0;   0.0,  0.0;   0.0,  0.0;   0.0,  0.0;   0.0,  0.0;   0.0,  0.0; 
  0.0,  0.0;   0.0,  0.0;   0.0,  0.0;   0.0,  0.0;   0.0,  0.0;   0.0,  0.0;   0.0,  0.0;   0.0,  0.0; 
  0.0,  0.0;   0.0,  0.0;   0.0,  0.0;   0.0,  0.0;   0.0,  0.0;   0.0,  0.0;   0.0,  0.0;   0.0,  0.0; 
  0.0,  0.0;   0.0,  0.0;   0.0,  0.0;   0.0,  0.0;   0.0,  0.0;   0.0,  0.0;   0.0,  0.0;   0.0,  0.0; 
  0.0,  0.0;   0.0,  0.0;   0.0,  0.0;   0.0,  0.0;   0.0,  0.0;   0.0,  0.0;   0.0,  0.0;   0.0,  0.0; 
  0.0,  0.0;   0.0,  0.0;   0.0,  0.0;   0.0,  0.0;   0.0,  0.0;   0.0,  0.0;   0.0,  0.0;   0.0,  0.0; 
  0.0,  0.0;   0.0,  0.0;   0.0,  0.0;   0.0,  0.0;   0.0,  0.0;   0.0,  0.0;   0.0,  0.0;   0.0,  0.0; 
  0.0,  0.0;   0.0,  0.0;   0.0,  0.0;   0.0,  0.0;   0.0,  0.0;   0.0,  0.0;   0.0,  0.0;   0.0,  0.0; 

 *** After BETAk X conversion ***

--- Array A[][] ---
  2.0,  0.0;   0.7,  0.7;   0.0,  1.0;   0.0,  0.0;   0.0,  0.0;   0.0,  1.0;   1.0, -0.0;   0.0,  0.0; 
  1.0,  0.0;   2.1,  2.1;   0.0,  1.0;   0.0,  0.0;   1.0,  0.0;   0.0,  1.0;  -1.0,  0.0;   0.0,  0.0; 
  1.0,  0.0;   1.4,  1.4;   0.0,  2.0;   0.0,  0.0;   1.0,  0.0;   0.0,  0.0;   0.0,  0.0;   0.0,  0.0; 
  1.0,  0.0;   1.4,  1.4;   0.0,  0.0;   0.0,  0.0;   1.0,  0.0;   0.0,  0.0;   0.0,  0.0;   0.0,  0.0; 
  1.0,  0.0;   0.0,  0.0;   0.0,  0.0;   0.0,  0.0;  -1.0,  0.0;   0.0,  0.0;   0.0,  0.0;   0.0,  0.0; 
  2.0,  0.0;   0.7,  0.7;   0.0,  0.0;  -0.7,  0.7;   2.0,  0.0;   0.0,  1.0;   0.0,  0.0;  -0.0, -1.0; 
  0.0,  0.0;   0.0,  0.0;   0.0,  0.0;   0.0,  0.0;   0.0,  0.0;   0.0,  0.0;   0.0,  0.0;   0.0,  0.0; 
  1.0,  0.0;   0.0,  0.0;   0.0,  1.0;   0.0,  0.0;  -1.0,  0.0;   0.0,  0.0;  -1.0,  0.0;   0.0,  0.0; 

--- Array C[][] ---
  0.0,  0.0;   0.0,  0.0;   0.0,  0.0;   0.0,  0.0;   0.0,  0.0;   0.0,  0.0;   0.0,  0.0;   0.0,  0.0; 
  0.0,  0.0;   0.0,  0.0;   0.0,  0.0;   0.0,  0.0;   0.0,  0.0;   0.0,  0.0;   0.0,  0.0;   0.0,  0.0; 
  0.0,  0.0;   0.0,  0.0;   0.0,  0.0;   0.0,  0.0;   0.0,  0.0;   0.0,  0.0;   0.0,  0.0;   0.0,  0.0; 
  0.0,  0.0;   0.0,  0.0;   0.0,  0.0;   0.0,  0.0;   0.0,  0.0;   0.0,  0.0;   0.0,  0.0;   0.0,  0.0; 
  0.0,  0.0;   0.0,  0.0;   0.0,  0.0;   0.0,  0.0;   0.0,  0.0;   0.0,  0.0;   0.0,  0.0;   0.0,  0.0; 
  0.0,  0.0;   0.0,  0.0;   0.0,  0.0;   0.0,  0.0;   0.0,  0.0;   0.0,  0.0;   0.0,  0.0;   0.0,  0.0; 
  0.0,  0.0;   0.0,  0.0;   0.0,  0.0;   0.0,  0.0;   0.0,  0.0;   0.0,  0.0;   0.0,  0.0;   0.0,  0.0; 
  0.0,  0.0;   0.0,  0.0;   0.0,  0.0;   0.0,  0.0;   0.0,  0.0;   0.0,  0.0;   0.0,  0.0;   0.0,  0.0; 

 *** After DIF FPT ***

--- Array A[][] ---
  9.0,  0.0;   6.4,  6.4;   0.0,  5.0;  -0.7,  0.7;   3.0,  0.0;   0.0,  3.0;  -1.0,  0.0;  -0.0, -1.0; 
 -1.0,  0.0;  -2.1, -2.1;   0.0,  1.0;   0.7, -0.7;  -3.0,  0.0;  -0.0, -1.0;   3.0, -0.0;   0.0,  1.0; 
  2.0,  0.0;  -0.0, -1.4;   1.0, -1.0;   1.4,  1.4;  -2.0,  0.0;   0.0,  2.0;   4.0, -0.0;   0.0,  2.0; 
  2.0,  0.0;  -1.4,  0.0;  -1.0, -1.0;  -1.4, -1.4;  -2.0,  0.0;  -0.0,  0.0;  -2.0, -0.0;  -0.0, -2.0; 
 -1.1, -2.7;  -0.3,  1.7;   2.4,  2.4;   1.4,  2.4;   1.0, -1.0;  -2.0,  1.0;   2.0, -0.0;   1.0,  0.0; 
  3.1, -1.3;   1.7, -0.3;  -0.4, -0.4;   1.4,  0.4;   1.0,  1.0;   2.0,  1.0;   2.0, -0.0;  -1.0, -0.0; 
 -0.4,  0.6;   0.7, -0.3;  -0.3,  3.1;  -2.4, -2.4;   1.0,  0.0;   3.0,  1.0;  -0.0, -1.0;  -0.0, -0.0; 
  2.4,  3.4;   0.7,  1.7;  -1.7, -1.1;  -0.4, -0.4;   1.0,  0.0;  -3.0,  1.0;   0.0,  1.0;   0.0,  0.0; 

--- Array C[][] ---
  0.0,  0.0;   0.0,  0.0;   0.0,  0.0;   0.0,  0.0;   0.0,  0.0;   0.0,  0.0;   0.0,  0.0;   0.0,  0.0; 
  0.0,  0.0;   0.0,  0.0;   0.0,  0.0;   0.0,  0.0;   0.0,  0.0;   0.0,  0.0;   0.0,  0.0;   0.0,  0.0; 
  0.0,  0.0;   0.0,  0.0;   0.0,  0.0;   0.0,  0.0;   0.0,  0.0;   0.0,  0.0;   0.0,  0.0;   0.0,  0.0; 
  0.0,  0.0;   0.0,  0.0;   0.0,  0.0;   0.0,  0.0;   0.0,  0.0;   0.0,  0.0;   0.0,  0.0;   0.0,  0.0; 
  0.0,  0.0;   0.0,  0.0;   0.0,  0.0;   0.0,  0.0;   0.0,  0.0;   0.0,  0.0;   0.0,  0.0;   0.0,  0.0; 
  0.0,  0.0;   0.0,  0.0;   0.0,  0.0;   0.0,  0.0;   0.0,  0.0;   0.0,  0.0;   0.0,  0.0;   0.0,  0.0; 
  0.0,  0.0;   0.0,  0.0;   0.0,  0.0;   0.0,  0.0;   0.0,  0.0;   0.0,  0.0;   0.0,  0.0;   0.0,  0.0; 
  0.0,  0.0;   0.0,  0.0;   0.0,  0.0;   0.0,  0.0;   0.0,  0.0;   0.0,  0.0;   0.0,  0.0;   0.0,  0.0; 

 *** After C(X)=A(X)B(X) by GFFT ***

--- Array A[][] ---
  4.0,  8.0;   4.0,  0.0;   4.0, -8.0;  24.0, -0.0;   1.6,  1.8;   1.6, -1.8;   4.4, -3.8;   4.4,  3.8; 
 -2.0, -2.0;   4.0, -0.0;  -2.0,  2.0;  -4.0,  0.0;  -3.0,  1.6;  -3.0, -1.6;  -3.0,  4.4;  -3.0, -4.4; 
  2.0,  0.0;   2.0,  2.0;   4.0,  2.0;  -0.0, -4.0;  -4.8,  4.0;  -4.8, -4.0;   0.8,  4.0;   0.8, -4.0; 
  4.0, -2.0;   2.0, -2.0;   2.0,  0.0;   0.0,  4.0;  -0.6, -0.6;  -0.6,  0.6;  -3.4, -3.4;  -3.4,  3.4; 
 -7.7,  0.0;  -0.4, -3.8;   0.6, -0.6;   3.0, -6.4;  -1.8,  1.0;   2.4, -4.4;   3.8,  1.0;  -0.4, -1.6; 
  3.7,  0.0;   2.4,  1.8;   3.4, -3.4;   3.0, -3.6;   2.4,  4.4;  -1.8, -1.0;  -0.4,  1.6;   3.8, -1.0; 
  0.6,  0.6;   2.4, -1.8;  -7.7,  0.0;   3.0,  3.6;   3.4,  2.8;  -2.8,  1.4;   0.6, -2.8;   2.8, -1.4; 
  3.4,  3.4;  -0.4,  3.8;   3.7, -0.0;   3.0,  6.4;  -2.8, -1.4;   3.4, -2.8;   2.8,  1.4;   0.6,  2.8; 

--- Array C[][] ---
122.0, -0.0;  97.6, 97.6;   0.0,138.0; -91.9, 91.9;  -6.0,  0.0;  -0.0,  8.0; -18.0,  0.0;  -0.0,-16.0; 
  0.0,  0.0;  -0.0,  0.0;  -0.0, -8.0;   5.7, -5.7;   8.0, -0.0;   0.0,  2.0;   0.0,  0.0;   0.0,  6.0; 
  1.0,  3.0;  -1.4, -2.8;   7.0,  9.0;   1.4, -2.8;  -2.0, -0.0;  -0.0, -4.0;  -2.0,  0.0;   0.0, 12.0; 
  1.0, -3.0;  -2.8, -1.4;  -7.0,  9.0;   2.8, -1.4; -12.0,  0.0;  -0.0,-10.0;  -0.0, -0.0;  -0.0, -6.0; 
  3.0,  0.2;  13.4, -9.5;   4.2,-10.4;   5.9, -2.3;   1.0,-10.0;  -4.0,  1.0;   7.0,  4.0;  -2.0, -7.0; 
  3.0, -8.2;  13.4,  2.5;  -4.2, -7.6;   3.9,  3.7;   1.0, 10.0;   4.0,  1.0;   7.0, -4.0;   2.0, -7.0; 
  4.4, -0.2;  -2.5, 16.4;  -4.2, -9.0;  -0.7,  1.1;  -7.0,  0.0;   0.0,  9.0;  -5.0, 12.0;   0.0, -3.0; 
  1.6,  8.2;  -4.5, 10.4;   4.2, -9.0;  -0.7,-10.9;  -7.0,  0.0;   0.0,  9.0;  -5.0,-12.0;   0.0, -3.0; 

 *** After DIT IFPT ***

--- Array A[][] ---
  4.0,  8.0;   4.0,  0.0;   4.0, -8.0;  24.0, -0.0;   1.6,  1.8;   1.6, -1.8;   4.4, -3.8;   4.4,  3.8; 
 -2.0, -2.0;   4.0, -0.0;  -2.0,  2.0;  -4.0,  0.0;  -3.0,  1.6;  -3.0, -1.6;  -3.0,  4.4;  -3.0, -4.4; 
  2.0,  0.0;   2.0,  2.0;   4.0,  2.0;  -0.0, -4.0;  -4.8,  4.0;  -4.8, -4.0;   0.8,  4.0;   0.8, -4.0; 
  4.0, -2.0;   2.0, -2.0;   2.0,  0.0;   0.0,  4.0;  -0.6, -0.6;  -0.6,  0.6;  -3.4, -3.4;  -3.4,  3.4; 
 -7.7,  0.0;  -0.4, -3.8;   0.6, -0.6;   3.0, -6.4;  -1.8,  1.0;   2.4, -4.4;   3.8,  1.0;  -0.4, -1.6; 
  3.7,  0.0;   2.4,  1.8;   3.4, -3.4;   3.0, -3.6;   2.4,  4.4;  -1.8, -1.0;  -0.4,  1.6;   3.8, -1.0; 
  0.6,  0.6;   2.4, -1.8;  -7.7,  0.0;   3.0,  3.6;   3.4,  2.8;  -2.8,  1.4;   0.6, -2.8;   2.8, -1.4; 
  3.4,  3.4;  -0.4,  3.8;   3.7, -0.0;   3.0,  6.4;  -2.8, -1.4;   3.4, -2.8;   2.8,  1.4;   0.6,  2.8; 

--- Array C[][] ---
 17.0, -0.0;  14.1, 14.1;   0.0, 14.0;  -9.2,  9.2;  -3.0,  0.0;   0.0,  2.0;  -2.0,  0.0;  -0.0, -3.0; 
 17.0, -0.0;  12.7, 12.7;   0.0, 16.0; -11.3, 11.3;  -3.0,  0.0;   0.0,  4.0;  -4.0,  0.0;  -0.0, -4.0; 
 15.0, -0.0;  14.1, 14.1;   0.0, 16.0; -15.6, 15.6;   5.0, -0.0;  -0.0,  2.0;  -4.0,  0.0;   0.0,  0.0; 
 14.0, -0.0;  11.3, 11.3;   0.0, 22.0; -13.4, 13.4;  -2.0,  0.0;   0.0,  4.0;  -0.0, -0.0;  -0.0, -3.0; 
 14.0, -0.0;   9.2,  9.2;   0.0, 23.0; -11.3, 11.3;  -0.0, -0.0;  -0.0, -3.0;  -3.0,  0.0;   0.0,  2.0; 
 17.0, -0.0;  11.3, 11.3;   0.0, 19.0; -13.4, 13.4;  -1.0,  0.0;  -0.0,  2.0;  -3.0,  0.0;  -0.0, -3.0; 
 15.0, -0.0;  11.3, 11.3;   0.0, 12.0;  -7.1,  7.1;  -1.0,  0.0;   0.0,  4.0;  -0.0, -0.0;  -0.0, -4.0; 
 13.0, -0.0;  13.4, 13.4;   0.0, 16.0; -10.6, 10.6;  -1.0, -0.0;  -0.0, -7.0;  -2.0,  0.0;  -0.0, -1.0; 

 *** After BETAk**-1 Z conversion

--- Array A[][] ---
  4.0,  8.0;   4.0,  0.0;   4.0, -8.0;  24.0, -0.0;   1.6,  1.8;   1.6, -1.8;   4.4, -3.8;   4.4,  3.8; 
 -2.0, -2.0;   4.0, -0.0;  -2.0,  2.0;  -4.0,  0.0;  -3.0,  1.6;  -3.0, -1.6;  -3.0,  4.4;  -3.0, -4.4; 
  2.0,  0.0;   2.0,  2.0;   4.0,  2.0;  -0.0, -4.0;  -4.8,  4.0;  -4.8, -4.0;   0.8,  4.0;   0.8, -4.0; 
  4.0, -2.0;   2.0, -2.0;   2.0,  0.0;   0.0,  4.0;  -0.6, -0.6;  -0.6,  0.6;  -3.4, -3.4;  -3.4,  3.4; 
 -7.7,  0.0;  -0.4, -3.8;   0.6, -0.6;   3.0, -6.4;  -1.8,  1.0;   2.4, -4.4;   3.8,  1.0;  -0.4, -1.6; 
  3.7,  0.0;   2.4,  1.8;   3.4, -3.4;   3.0, -3.6;   2.4,  4.4;  -1.8, -1.0;  -0.4,  1.6;   3.8, -1.0; 
  0.6,  0.6;   2.4, -1.8;  -7.7,  0.0;   3.0,  3.6;   3.4,  2.8;  -2.8,  1.4;   0.6, -2.8;   2.8, -1.4; 
  3.4,  3.4;  -0.4,  3.8;   3.7, -0.0;   3.0,  6.4;  -2.8, -1.4;   3.4, -2.8;   2.8,  1.4;   0.6,  2.8; 

--- Array C[][] ---
 17.0, -0.0;  20.0, -0.0;  14.0, -0.0;  13.0,  0.0;  -3.0,  0.0;   2.0, -0.0;   2.0,  0.0;   3.0,  0.0; 
 17.0, -0.0;  18.0, -0.0;  16.0, -0.0;  16.0, -0.0;  -3.0,  0.0;   4.0, -0.0;   4.0, -0.0;   4.0,  0.0; 
 15.0, -0.0;  20.0, -0.0;  16.0, -0.0;  22.0, -0.0;   5.0, -0.0;   2.0,  0.0;   4.0, -0.0;  -0.0,  0.0; 
 14.0, -0.0;  16.0, -0.0;  22.0, -0.0;  19.0,  0.0;  -2.0,  0.0;   4.0, -0.0;   0.0,  0.0;   3.0,  0.0; 
 14.0, -0.0;  13.0, -0.0;  23.0, -0.0;  16.0,  0.0;  -0.0, -0.0;  -3.0,  0.0;   3.0, -0.0;  -2.0, -0.0; 
 17.0, -0.0;  16.0, -0.0;  19.0, -0.0;  19.0,  0.0;  -1.0,  0.0;   2.0,  0.0;   3.0,  0.0;   3.0, -0.0; 
 15.0, -0.0;  16.0, -0.0;  12.0, -0.0;  10.0,  0.0;  -1.0,  0.0;   4.0, -0.0;   0.0,  0.0;   4.0,  0.0; 
 13.0, -0.0;  19.0, -0.0;  16.0, -0.0;  15.0,  0.0;  -1.0, -0.0;  -7.0,  0.0;   2.0, -0.0;   1.0, -0.0; 

 *** After reconstruction

--- Array A[][] ---
  4.0,  8.0;   4.0,  0.0;   4.0, -8.0;  24.0, -0.0;   1.6,  1.8;   1.6, -1.8;   4.4, -3.8;   4.4,  3.8; 
 -2.0, -2.0;   4.0, -0.0;  -2.0,  2.0;  -4.0,  0.0;  -3.0,  1.6;  -3.0, -1.6;  -3.0,  4.4;  -3.0, -4.4; 
  2.0,  0.0;   2.0,  2.0;   4.0,  2.0;  -0.0, -4.0;  -4.8,  4.0;  -4.8, -4.0;   0.8,  4.0;   0.8, -4.0; 
  4.0, -2.0;   2.0, -2.0;   2.0,  0.0;   0.0,  4.0;  -0.6, -0.6;  -0.6,  0.6;  -3.4, -3.4;  -3.4,  3.4; 
 -7.7,  0.0;  -0.4, -3.8;   0.6, -0.6;   3.0, -6.4;  -1.8,  1.0;   2.4, -4.4;   3.8,  1.0;  -0.4, -1.6; 
  3.7,  0.0;   2.4,  1.8;   3.4, -3.4;   3.0, -3.6;   2.4,  4.4;  -1.8, -1.0;  -0.4,  1.6;   3.8, -1.0; 
  0.6,  0.6;   2.4, -1.8;  -7.7,  0.0;   3.0,  3.6;   3.4,  2.8;  -2.8,  1.4;   0.6, -2.8;   2.8, -1.4; 
  3.4,  3.4;  -0.4,  3.8;   3.7, -0.0;   3.0,  6.4;  -2.8, -1.4;   3.4, -2.8;   2.8,  1.4;   0.6,  2.8; 

--- Array C[][] ---
  7.0, -0.0;  11.0, -0.0;   8.0, -0.0;   8.0,  0.0;  10.0, -0.0;   9.0, -0.0;   6.0, -0.0;   5.0,  0.0; 
  7.0, -0.0;  11.0, -0.0;  10.0, -0.0;  10.0, -0.0;  10.0, -0.0;   7.0, -0.0;   6.0, -0.0;   6.0, -0.0; 
 10.0, -0.0;  11.0, -0.0;  10.0, -0.0;  11.0,  0.0;   5.0, -0.0;   9.0, -0.0;   6.0, -0.0;  11.0, -0.0; 
  6.0, -0.0;  10.0, -0.0;  11.0, -0.0;  11.0,  0.0;   8.0, -0.0;   6.0,  0.0;  11.0, -0.0;   8.0,  0.0; 
  7.0, -0.0;   5.0,  0.0;  13.0, -0.0;   7.0,  0.0;   7.0, -0.0;   8.0, -0.0;  10.0, -0.0;   9.0,  0.0; 
  8.0, -0.0;   9.0, -0.0;  11.0, -0.0;  11.0,  0.0;   9.0, -0.0;   7.0, -0.0;   8.0, -0.0;   8.0,  0.0; 
  7.0, -0.0;  10.0, -0.0;   6.0, -0.0;   7.0,  0.0;   8.0, -0.0;   6.0,  0.0;   6.0, -0.0;   3.0,  0.0; 
  6.0, -0.0;   6.0,  0.0;   9.0, -0.0;   8.0,  0.0;   7.0, -0.0;  13.0, -0.0;   7.0, -0.0;   7.0,  0.0; 
