    1       DATA
    2       ACCOS V 07:33:20 09/04/86                                       
    3       SURFACE DATA
    4        0.00000000E+00 100  0.10000000E+20 100 AIR             100                S     
    5        0.00000000E+00 100  0.00000000E+00 100 AIR             100                      
    6       DECE         0.00000-475.00000  -0.01000   0.00000   0.00000
    7       DECC       100       100       100       100       100
    8       -0.16666700E-03 100  -2571.4300     100 REFL            100                  ASP 
    9        -1.0208400     100  0.00000000E+00      0.00000000E+00 100
   10        0.00000000E+00 100  0.00000000E+00 100  0.00000000E+00 100  0.00000000E+00 100
   11       -0.87499970E-03 100   1714.2900     100 REFL            100                  ASP 
   12        -3.1236700     100  0.00000000E+00      0.00000000E+00 100
   13        0.00000000E+00 100  0.00000000E+00 100  0.00000000E+00 100  0.00000000E+00 100
   14        0.00000000E+00 100 -0.12419049     100 AIR             100                      
   15       DECE         0.00000   0.00000   0.00000   2.00000   0.00000
   16       DECC       100       100       100       100       100
   17       -0.13161341E-02 100  0.00000000E+00 100 REFL            100                      
   18       DECE         0.00000   0.00000   2.27005   1.99843   0.00000
   19       DECC       100       100         1       100       100
   20        0.00000000E+00 100  -460.00000     100 AIR             100                      
   21       DECE         0.00000   0.00000  -2.27005   0.00000   0.00000
   22       DECC       100       100        -1       100       100
   23        0.21714619E-02 100  0.00000000E+00 100 REFL            100                      
   24        0.00000000E+00 100  0.00000000E+00 100 AIR             100                      
   25       DECE         0.00000   0.00000  -2.27005   0.00000   0.00000
   26       DECC       100       100         1       100       100
   27        0.00000000E+00 100   460.00000     100 AIR             100                      
   28        0.00000000E+00 100   460.00000     100 AIR             100                      
   29       DECE         0.00000   0.00000   2.27005   0.00000   0.00000
   30       DECC       100       100         2       100       100
   31       -0.14411313E-02 100  0.00000000E+00 100 REFL            100                  YTO 
   32        -2.6299100     100  0.00000000E+00      0.00000000E+00 100
   33        0.00000000E+00 100  0.00000000E+00 100  0.00000000E+00 100  0.00000000E+00 100
   34           -0.00144200 100
   35       DECE         0.00000   0.00000   2.27005   0.00000   0.00000
   36       DECC       100       100         2       100       100
   37        0.00000000E+00 100  -1405.5155     100 AIR             100                      
   38       DECE         0.00000   0.00000 -15.43395   0.00000   0.00000
   39       DECC       100       100       100       100       100
   40       -0.23025423E-01 100  -7.9253829     100 SILICA          100                      
   41        0.00000000E+00 100  0.00000000E+00 100 AIR             100                      
   42       SPC
   43       NAO       0.3050E-16
   44       DIM       M   
   45       WL          706.520   656.270   587.560   486.130   435.840
   46       WTW         1         1         1         1         1
   47       REF         3
   48       YAN       0.0000E+00
   49       RDO
   50       APERTURE DATA
   51       CIR  2      800.00000    
   52       CIR  3      120.00000    
   53       CIR  6      50.000000    
   54       CIR 14      15.000000    
   55       PRV
   56       WL          706.520   656.270   587.560   486.130   435.840
   57       SILICA     1.455149  1.456369  1.458465  1.463128  1.466694
